Arguments: 
  C:\Program Files\nodejs\node.exe C:\Program Files (x86)\Yarn\bin\yarn.js add eslint eslint-plugin-unused-imports eslint-plugin-jsx-a11y eslint-plugin-react-hooks eslint-plugin-react eslint-plugin-lit @typescript-eslint

PATH: 
  C:\Python39\Scripts\;C:\Python39\;C:\Program Files (x86)\PHP\v7.2;C:\Program Files (x86)\Common Files\Oracle\Java\javapath;C:\Python27\;C:\Python27\Scripts;C:\Program Files (x86)\Intel\Intel(R) Management Engine Components\iCLS\;C:\Program Files\Intel\Intel(R) Management Engine Components\iCLS\;C:\Windows\system32;C:\Windows;C:\Windows\System32\Wbem;C:\Windows\System32\WindowsPowerShell\v1.0\;C:\Windows\System32\OpenSSH\;C:\Program Files (x86)\Intel\Intel(R) Management Engine Components\DAL;C:\Program Files\Intel\Intel(R) Management Engine Components\DAL;C:\ProgramData\chocolatey\bin;C:\Program Files\TortoiseGit\bin;C:\tools\php74;C:\Program Files\dotnet\;C:\Program Files (x86)\GtkSharp\2.12\bin;C:\Users\zero-plusplus\AppData\Local\Microsoft\WindowsApps;C:\Users\zero-plusplus\AppData\Roaming\npm;C:\Users\zero-plusplus\AppData\Local\Yarn\bin;C:\Users\zero-plusplus\AppData\L;C:\ProgramData\ComposerSetup\bin;C:\Program Files\Git\cmd;C:\Program Files (x86)\Yarn\bin\;C:\Program Files\nodejs\;C:\Program Files\VSCodium\bin;C:\Program Files\Microsoft VS Code Insiders\bin;C:\WINDOWS\system32;C:\WINDOWS;C:\WINDOWS\System32\Wbem;C:\WINDOWS\System32\WindowsPowerShell\v1.0\;C:\WINDOWS\System32\OpenSSH\;C:\Program Files\Go\bin;C:\Users\zero-plusplus\AppData\Local\Microsoft\WindowsApps;C:\Users\zero-plusplus\AppData\Local\atom\bin;C:\Users\zero-plusplus\AppData\Roaming\Composer\vendor\bin;C:\Program Files\AutoHotkey;C:\Users\zero-plusplus\AppData\Local\Yarn\bin;C:\Users\zero-plusplus\AppData\Local\Programs\Microsoft VS Code\bin;C:\Users\zero-plusplus\AppData\Roaming\npm;C:\Users\zero-plusplus\AppData\Local\Microsoft\WindowsApps;C:\Users\zero-plusplus\go\bin;C:\Program Files\Oracle\VirtualBox;;C:\Users\zero-plusplus\AppData\Local\Programs\Microsoft VS Code Insiders\bin

Yarn version: 
  1.22.5

Node version: 
  15.11.0

Platform: 
  win32 x64

Trace: 
  Error: https://registry.yarnpkg.com/@typescript-eslint: Request "https://registry.yarnpkg.com/@typescript-eslint" returned a 405
      at Request.params.callback [as _callback] (C:\Program Files (x86)\Yarn\lib\cli.js:66106:18)
      at Request.self.callback (C:\Program Files (x86)\Yarn\lib\cli.js:140749:22)
      at Request.emit (node:events:378:20)
      at Request.<anonymous> (C:\Program Files (x86)\Yarn\lib\cli.js:141721:10)
      at Request.emit (node:events:378:20)
      at IncomingMessage.<anonymous> (C:\Program Files (x86)\Yarn\lib\cli.js:141643:12)
      at Object.onceWrapper (node:events:484:28)
      at IncomingMessage.emit (node:events:390:22)
      at endReadableNT (node:internal/streams/readable:1307:12)
      at processTicksAndRejections (node:internal/process/task_queues:81:21)

npm manifest: 
  {
    "name": "@zero-plusplus/eslint-my-rules",
    "version": "1.0.24",
    "description": "",
    "main": "index.js",
    "scripts": {
      "test": "echo \"Error: no test specified\" && exit 1"
    },
    "repository": {
      "type": "git",
      "url": "git+https://github.com/zero-plusplus/eslint-my-rules.git"
    },
    "author": "zero-plusplus",
    "license": "MIT",
    "bugs": {
      "url": "https://github.com/zero-plusplus/eslint-my-rules/issues"
    },
    "homepage": "https://github.com/zero-plusplus/eslint-my-rules#readme",
    "devDependencies": {},
    "publishConfig": {
      "registry": "https://npm.pkg.github.com/"
    }
  }

yarn manifest: 
  No manifest

Lockfile: 
  # THIS IS AN AUTOGENERATED FILE. DO NOT EDIT THIS FILE DIRECTLY.
  # yarn lockfile v1
